2019-05-27 16:00:40,262 INFO 28789 [Timer] /Users/yuejingge/Documents/开发日记/yuancheng/webpack-react/server/node_modules/egg-multipart/app/schedule/clean_tmpdir.js next time will execute after 44959740ms at 2019-05-28 04:30:00.002
2019-05-27 16:00:40,263 INFO 28789 [Timer] /Users/yuejingge/Documents/开发日记/yuancheng/webpack-react/server/node_modules/egg-logrotator/app/schedule/clean_log.js next time will execute after 28759738ms at 2019-05-28 00:00:00.001
2019-05-27 16:00:40,263 INFO 28789 [Timer] /Users/yuejingge/Documents/开发日记/yuancheng/webpack-react/server/node_modules/egg-logrotator/app/schedule/rotate_by_file.js next time will execute after 28760737ms at 2019-05-28 00:00:01.000
2019-05-27 16:00:40,140 INFO 28794 [egg-schedule]: register schedule /Users/yuejingge/Documents/开发日记/yuancheng/webpack-react/server/node_modules/egg-multipart/app/schedule/clean_tmpdir.js
2019-05-27 16:00:40,140 INFO 28794 [egg-schedule]: register schedule /Users/yuejingge/Documents/开发日记/yuancheng/webpack-react/server/node_modules/egg-logrotator/app/schedule/clean_log.js
2019-05-27 16:00:40,140 INFO 28794 [egg-schedule]: register schedule /Users/yuejingge/Documents/开发日记/yuancheng/webpack-react/server/node_modules/egg-logrotator/app/schedule/rotate_by_file.js
2019-05-27 16:14:30,578 INFO 29113 [egg-schedule]: register schedule /Users/yuejingge/Documents/开发日记/yuancheng/webpack-react/server/node_modules/egg-multipart/app/schedule/clean_tmpdir.js
2019-05-27 16:14:30,578 INFO 29113 [egg-schedule]: register schedule /Users/yuejingge/Documents/开发日记/yuancheng/webpack-react/server/node_modules/egg-logrotator/app/schedule/clean_log.js
2019-05-27 16:14:30,578 INFO 29113 [egg-schedule]: register schedule /Users/yuejingge/Documents/开发日记/yuancheng/webpack-react/server/node_modules/egg-logrotator/app/schedule/rotate_by_file.js
2019-05-27 16:14:31,290 INFO 29122 [egg-schedule]: register schedule /Users/yuejingge/Documents/开发日记/yuancheng/webpack-react/server/node_modules/egg-multipart/app/schedule/clean_tmpdir.js
2019-05-27 16:14:31,290 INFO 29122 [egg-schedule]: register schedule /Users/yuejingge/Documents/开发日记/yuancheng/webpack-react/server/node_modules/egg-logrotator/app/schedule/clean_log.js
2019-05-27 16:14:31,290 INFO 29122 [egg-schedule]: register schedule /Users/yuejingge/Documents/开发日记/yuancheng/webpack-react/server/node_modules/egg-logrotator/app/schedule/rotate_by_file.js
2019-05-27 16:16:08,058 INFO 29171 [egg-schedule]: register schedule /Users/yuejingge/Documents/开发日记/yuancheng/webpack-react/server/node_modules/egg-multipart/app/schedule/clean_tmpdir.js
2019-05-27 16:16:08,058 INFO 29171 [egg-schedule]: register schedule /Users/yuejingge/Documents/开发日记/yuancheng/webpack-react/server/node_modules/egg-logrotator/app/schedule/clean_log.js
2019-05-27 16:16:08,058 INFO 29171 [egg-schedule]: register schedule /Users/yuejingge/Documents/开发日记/yuancheng/webpack-react/server/node_modules/egg-logrotator/app/schedule/rotate_by_file.js
2019-05-27 16:38:09,776 INFO 29843 [egg-schedule]: register schedule /Users/yuejingge/Documents/开发日记/yuancheng/webpack-react/server/node_modules/egg-multipart/app/schedule/clean_tmpdir.js
2019-05-27 16:38:09,776 INFO 29843 [egg-schedule]: register schedule /Users/yuejingge/Documents/开发日记/yuancheng/webpack-react/server/node_modules/egg-logrotator/app/schedule/clean_log.js
2019-05-27 16:38:09,776 INFO 29843 [egg-schedule]: register schedule /Users/yuejingge/Documents/开发日记/yuancheng/webpack-react/server/node_modules/egg-logrotator/app/schedule/rotate_by_file.js
2019-05-27 16:38:36,755 INFO 29866 [egg-schedule]: register schedule /Users/yuejingge/Documents/开发日记/yuancheng/webpack-react/server/node_modules/egg-multipart/app/schedule/clean_tmpdir.js
2019-05-27 16:38:36,755 INFO 29866 [egg-schedule]: register schedule /Users/yuejingge/Documents/开发日记/yuancheng/webpack-react/server/node_modules/egg-logrotator/app/schedule/clean_log.js
2019-05-27 16:38:36,755 INFO 29866 [egg-schedule]: register schedule /Users/yuejingge/Documents/开发日记/yuancheng/webpack-react/server/node_modules/egg-logrotator/app/schedule/rotate_by_file.js
2019-05-27 16:38:39,857 INFO 29874 [egg-schedule]: register schedule /Users/yuejingge/Documents/开发日记/yuancheng/webpack-react/server/node_modules/egg-multipart/app/schedule/clean_tmpdir.js
2019-05-27 16:38:39,857 INFO 29874 [egg-schedule]: register schedule /Users/yuejingge/Documents/开发日记/yuancheng/webpack-react/server/node_modules/egg-logrotator/app/schedule/clean_log.js
2019-05-27 16:38:39,857 INFO 29874 [egg-schedule]: register schedule /Users/yuejingge/Documents/开发日记/yuancheng/webpack-react/server/node_modules/egg-logrotator/app/schedule/rotate_by_file.js
2019-05-27 16:41:23,558 INFO 30157 [egg-schedule]: register schedule /Users/yuejingge/Documents/开发日记/yuancheng/webpack-react/server/node_modules/egg-multipart/app/schedule/clean_tmpdir.js
2019-05-27 16:41:23,559 INFO 30157 [egg-schedule]: register schedule /Users/yuejingge/Documents/开发日记/yuancheng/webpack-react/server/node_modules/egg-logrotator/app/schedule/clean_log.js
2019-05-27 16:41:23,559 INFO 30157 [egg-schedule]: register schedule /Users/yuejingge/Documents/开发日记/yuancheng/webpack-react/server/node_modules/egg-logrotator/app/schedule/rotate_by_file.js
2019-05-27 16:56:36,075 INFO 30934 [Timer] /Users/yuejingge/Documents/开发日记/yuancheng/webpack-react/server/node_modules/egg-multipart/app/schedule/clean_tmpdir.js next time will execute after 41603927ms at 2019-05-28 04:30:00.002
2019-05-27 16:56:36,076 INFO 30934 [Timer] /Users/yuejingge/Documents/开发日记/yuancheng/webpack-react/server/node_modules/egg-logrotator/app/schedule/clean_log.js next time will execute after 25403925ms at 2019-05-28 00:00:00.001
2019-05-27 16:56:36,076 INFO 30934 [Timer] /Users/yuejingge/Documents/开发日记/yuancheng/webpack-react/server/node_modules/egg-logrotator/app/schedule/rotate_by_file.js next time will execute after 25404924ms at 2019-05-28 00:00:01.000
2019-05-27 16:56:35,996 INFO 30935 [egg-schedule]: register schedule /Users/yuejingge/Documents/开发日记/yuancheng/webpack-react/server/node_modules/egg-multipart/app/schedule/clean_tmpdir.js
2019-05-27 16:56:35,996 INFO 30935 [egg-schedule]: register schedule /Users/yuejingge/Documents/开发日记/yuancheng/webpack-react/server/node_modules/egg-logrotator/app/schedule/clean_log.js
2019-05-27 16:56:35,996 INFO 30935 [egg-schedule]: register schedule /Users/yuejingge/Documents/开发日记/yuancheng/webpack-react/server/node_modules/egg-logrotator/app/schedule/rotate_by_file.js
2019-05-27 17:14:48,998 INFO 31696 [egg-schedule]: register schedule /Users/yuejingge/Documents/开发日记/yuancheng/webpack-react/server/node_modules/egg-multipart/app/schedule/clean_tmpdir.js
2019-05-27 17:14:48,998 INFO 31696 [egg-schedule]: register schedule /Users/yuejingge/Documents/开发日记/yuancheng/webpack-react/server/node_modules/egg-logrotator/app/schedule/clean_log.js
2019-05-27 17:14:48,998 INFO 31696 [egg-schedule]: register schedule /Users/yuejingge/Documents/开发日记/yuancheng/webpack-react/server/node_modules/egg-logrotator/app/schedule/rotate_by_file.js
2019-05-27 17:15:24,886 INFO 31718 [egg-schedule]: register schedule /Users/yuejingge/Documents/开发日记/yuancheng/webpack-react/server/node_modules/egg-multipart/app/schedule/clean_tmpdir.js
2019-05-27 17:15:24,886 INFO 31718 [egg-schedule]: register schedule /Users/yuejingge/Documents/开发日记/yuancheng/webpack-react/server/node_modules/egg-logrotator/app/schedule/clean_log.js
2019-05-27 17:15:24,886 INFO 31718 [egg-schedule]: register schedule /Users/yuejingge/Documents/开发日记/yuancheng/webpack-react/server/node_modules/egg-logrotator/app/schedule/rotate_by_file.js
2019-05-27 17:15:33,816 INFO 31726 [egg-schedule]: register schedule /Users/yuejingge/Documents/开发日记/yuancheng/webpack-react/server/node_modules/egg-multipart/app/schedule/clean_tmpdir.js
2019-05-27 17:15:33,816 INFO 31726 [egg-schedule]: register schedule /Users/yuejingge/Documents/开发日记/yuancheng/webpack-react/server/node_modules/egg-logrotator/app/schedule/clean_log.js
2019-05-27 17:15:33,816 INFO 31726 [egg-schedule]: register schedule /Users/yuejingge/Documents/开发日记/yuancheng/webpack-react/server/node_modules/egg-logrotator/app/schedule/rotate_by_file.js
2019-05-27 17:16:05,682 INFO 31752 [egg-schedule]: register schedule /Users/yuejingge/Documents/开发日记/yuancheng/webpack-react/server/node_modules/egg-multipart/app/schedule/clean_tmpdir.js
2019-05-27 17:16:05,682 INFO 31752 [egg-schedule]: register schedule /Users/yuejingge/Documents/开发日记/yuancheng/webpack-react/server/node_modules/egg-logrotator/app/schedule/clean_log.js
2019-05-27 17:16:05,682 INFO 31752 [egg-schedule]: register schedule /Users/yuejingge/Documents/开发日记/yuancheng/webpack-react/server/node_modules/egg-logrotator/app/schedule/rotate_by_file.js
2019-05-27 17:16:51,886 INFO 31796 [egg-schedule]: register schedule /Users/yuejingge/Documents/开发日记/yuancheng/webpack-react/server/node_modules/egg-multipart/app/schedule/clean_tmpdir.js
2019-05-27 17:16:51,886 INFO 31796 [egg-schedule]: register schedule /Users/yuejingge/Documents/开发日记/yuancheng/webpack-react/server/node_modules/egg-logrotator/app/schedule/clean_log.js
2019-05-27 17:16:51,886 INFO 31796 [egg-schedule]: register schedule /Users/yuejingge/Documents/开发日记/yuancheng/webpack-react/server/node_modules/egg-logrotator/app/schedule/rotate_by_file.js
2019-05-27 17:19:00,282 INFO 31872 [egg-schedule]: register schedule /Users/yuejingge/Documents/开发日记/yuancheng/webpack-react/server/node_modules/egg-multipart/app/schedule/clean_tmpdir.js
2019-05-27 17:19:00,282 INFO 31872 [egg-schedule]: register schedule /Users/yuejingge/Documents/开发日记/yuancheng/webpack-react/server/node_modules/egg-logrotator/app/schedule/clean_log.js
2019-05-27 17:19:00,282 INFO 31872 [egg-schedule]: register schedule /Users/yuejingge/Documents/开发日记/yuancheng/webpack-react/server/node_modules/egg-logrotator/app/schedule/rotate_by_file.js
2019-05-27 17:21:10,806 INFO 31916 [egg-schedule]: register schedule /Users/yuejingge/Documents/开发日记/yuancheng/webpack-react/server/node_modules/egg-multipart/app/schedule/clean_tmpdir.js
2019-05-27 17:21:10,806 INFO 31916 [egg-schedule]: register schedule /Users/yuejingge/Documents/开发日记/yuancheng/webpack-react/server/node_modules/egg-logrotator/app/schedule/clean_log.js
2019-05-27 17:21:10,806 INFO 31916 [egg-schedule]: register schedule /Users/yuejingge/Documents/开发日记/yuancheng/webpack-react/server/node_modules/egg-logrotator/app/schedule/rotate_by_file.js
2019-05-27 17:21:22,441 INFO 31926 [egg-schedule]: register schedule /Users/yuejingge/Documents/开发日记/yuancheng/webpack-react/server/node_modules/egg-multipart/app/schedule/clean_tmpdir.js
2019-05-27 17:21:22,441 INFO 31926 [egg-schedule]: register schedule /Users/yuejingge/Documents/开发日记/yuancheng/webpack-react/server/node_modules/egg-logrotator/app/schedule/clean_log.js
2019-05-27 17:21:22,441 INFO 31926 [egg-schedule]: register schedule /Users/yuejingge/Documents/开发日记/yuancheng/webpack-react/server/node_modules/egg-logrotator/app/schedule/rotate_by_file.js
2019-05-27 17:21:55,681 INFO 31945 [egg-schedule]: register schedule /Users/yuejingge/Documents/开发日记/yuancheng/webpack-react/server/node_modules/egg-multipart/app/schedule/clean_tmpdir.js
2019-05-27 17:21:55,681 INFO 31945 [egg-schedule]: register schedule /Users/yuejingge/Documents/开发日记/yuancheng/webpack-react/server/node_modules/egg-logrotator/app/schedule/clean_log.js
2019-05-27 17:21:55,681 INFO 31945 [egg-schedule]: register schedule /Users/yuejingge/Documents/开发日记/yuancheng/webpack-react/server/node_modules/egg-logrotator/app/schedule/rotate_by_file.js
2019-05-27 17:23:15,969 INFO 32020 [egg-schedule]: register schedule /Users/yuejingge/Documents/开发日记/yuancheng/webpack-react/server/node_modules/egg-multipart/app/schedule/clean_tmpdir.js
2019-05-27 17:23:15,969 INFO 32020 [egg-schedule]: register schedule /Users/yuejingge/Documents/开发日记/yuancheng/webpack-react/server/node_modules/egg-logrotator/app/schedule/clean_log.js
2019-05-27 17:23:15,969 INFO 32020 [egg-schedule]: register schedule /Users/yuejingge/Documents/开发日记/yuancheng/webpack-react/server/node_modules/egg-logrotator/app/schedule/rotate_by_file.js
2019-05-27 17:23:24,778 INFO 32033 [egg-schedule]: register schedule /Users/yuejingge/Documents/开发日记/yuancheng/webpack-react/server/node_modules/egg-multipart/app/schedule/clean_tmpdir.js
2019-05-27 17:23:24,778 INFO 32033 [egg-schedule]: register schedule /Users/yuejingge/Documents/开发日记/yuancheng/webpack-react/server/node_modules/egg-logrotator/app/schedule/clean_log.js
2019-05-27 17:23:24,778 INFO 32033 [egg-schedule]: register schedule /Users/yuejingge/Documents/开发日记/yuancheng/webpack-react/server/node_modules/egg-logrotator/app/schedule/rotate_by_file.js
2019-05-27 17:23:25,746 INFO 32034 [egg-schedule]: register schedule /Users/yuejingge/Documents/开发日记/yuancheng/webpack-react/server/node_modules/egg-multipart/app/schedule/clean_tmpdir.js
2019-05-27 17:23:25,746 INFO 32034 [egg-schedule]: register schedule /Users/yuejingge/Documents/开发日记/yuancheng/webpack-react/server/node_modules/egg-logrotator/app/schedule/clean_log.js
2019-05-27 17:23:25,746 INFO 32034 [egg-schedule]: register schedule /Users/yuejingge/Documents/开发日记/yuancheng/webpack-react/server/node_modules/egg-logrotator/app/schedule/rotate_by_file.js
2019-05-27 17:24:41,914 INFO 32077 [egg-schedule]: register schedule /Users/yuejingge/Documents/开发日记/yuancheng/webpack-react/server/node_modules/egg-multipart/app/schedule/clean_tmpdir.js
2019-05-27 17:24:41,914 INFO 32077 [egg-schedule]: register schedule /Users/yuejingge/Documents/开发日记/yuancheng/webpack-react/server/node_modules/egg-logrotator/app/schedule/clean_log.js
2019-05-27 17:24:41,914 INFO 32077 [egg-schedule]: register schedule /Users/yuejingge/Documents/开发日记/yuancheng/webpack-react/server/node_modules/egg-logrotator/app/schedule/rotate_by_file.js
2019-05-27 17:24:43,142 INFO 32078 [egg-schedule]: register schedule /Users/yuejingge/Documents/开发日记/yuancheng/webpack-react/server/node_modules/egg-multipart/app/schedule/clean_tmpdir.js
2019-05-27 17:24:43,142 INFO 32078 [egg-schedule]: register schedule /Users/yuejingge/Documents/开发日记/yuancheng/webpack-react/server/node_modules/egg-logrotator/app/schedule/clean_log.js
2019-05-27 17:24:43,142 INFO 32078 [egg-schedule]: register schedule /Users/yuejingge/Documents/开发日记/yuancheng/webpack-react/server/node_modules/egg-logrotator/app/schedule/rotate_by_file.js
2019-05-27 17:25:20,095 INFO 32111 [egg-schedule]: register schedule /Users/yuejingge/Documents/开发日记/yuancheng/webpack-react/server/node_modules/egg-multipart/app/schedule/clean_tmpdir.js
2019-05-27 17:25:20,095 INFO 32111 [egg-schedule]: register schedule /Users/yuejingge/Documents/开发日记/yuancheng/webpack-react/server/node_modules/egg-logrotator/app/schedule/clean_log.js
2019-05-27 17:25:20,095 INFO 32111 [egg-schedule]: register schedule /Users/yuejingge/Documents/开发日记/yuancheng/webpack-react/server/node_modules/egg-logrotator/app/schedule/rotate_by_file.js
2019-05-27 17:25:20,854 INFO 32112 [egg-schedule]: register schedule /Users/yuejingge/Documents/开发日记/yuancheng/webpack-react/server/node_modules/egg-multipart/app/schedule/clean_tmpdir.js
2019-05-27 17:25:20,854 INFO 32112 [egg-schedule]: register schedule /Users/yuejingge/Documents/开发日记/yuancheng/webpack-react/server/node_modules/egg-logrotator/app/schedule/clean_log.js
2019-05-27 17:25:20,854 INFO 32112 [egg-schedule]: register schedule /Users/yuejingge/Documents/开发日记/yuancheng/webpack-react/server/node_modules/egg-logrotator/app/schedule/rotate_by_file.js
2019-05-27 17:25:58,151 INFO 32146 [egg-schedule]: register schedule /Users/yuejingge/Documents/开发日记/yuancheng/webpack-react/server/node_modules/egg-multipart/app/schedule/clean_tmpdir.js
2019-05-27 17:25:58,151 INFO 32146 [egg-schedule]: register schedule /Users/yuejingge/Documents/开发日记/yuancheng/webpack-react/server/node_modules/egg-logrotator/app/schedule/clean_log.js
2019-05-27 17:25:58,151 INFO 32146 [egg-schedule]: register schedule /Users/yuejingge/Documents/开发日记/yuancheng/webpack-react/server/node_modules/egg-logrotator/app/schedule/rotate_by_file.js
2019-05-27 17:26:22,072 INFO 32163 [egg-schedule]: register schedule /Users/yuejingge/Documents/开发日记/yuancheng/webpack-react/server/node_modules/egg-multipart/app/schedule/clean_tmpdir.js
2019-05-27 17:26:22,072 INFO 32163 [egg-schedule]: register schedule /Users/yuejingge/Documents/开发日记/yuancheng/webpack-react/server/node_modules/egg-logrotator/app/schedule/clean_log.js
2019-05-27 17:26:22,072 INFO 32163 [egg-schedule]: register schedule /Users/yuejingge/Documents/开发日记/yuancheng/webpack-react/server/node_modules/egg-logrotator/app/schedule/rotate_by_file.js
2019-05-27 17:27:00,726 INFO 32181 [egg-schedule]: register schedule /Users/yuejingge/Documents/开发日记/yuancheng/webpack-react/server/node_modules/egg-multipart/app/schedule/clean_tmpdir.js
2019-05-27 17:27:00,726 INFO 32181 [egg-schedule]: register schedule /Users/yuejingge/Documents/开发日记/yuancheng/webpack-react/server/node_modules/egg-logrotator/app/schedule/clean_log.js
2019-05-27 17:27:00,726 INFO 32181 [egg-schedule]: register schedule /Users/yuejingge/Documents/开发日记/yuancheng/webpack-react/server/node_modules/egg-logrotator/app/schedule/rotate_by_file.js
2019-05-27 17:31:20,447 INFO 32499 [egg-schedule]: register schedule /Users/yuejingge/Documents/开发日记/yuancheng/webpack-react/server/node_modules/egg-multipart/app/schedule/clean_tmpdir.js
2019-05-27 17:31:20,447 INFO 32499 [egg-schedule]: register schedule /Users/yuejingge/Documents/开发日记/yuancheng/webpack-react/server/node_modules/egg-logrotator/app/schedule/clean_log.js
2019-05-27 17:31:20,447 INFO 32499 [egg-schedule]: register schedule /Users/yuejingge/Documents/开发日记/yuancheng/webpack-react/server/node_modules/egg-logrotator/app/schedule/rotate_by_file.js
2019-05-27 17:33:53,297 INFO 32708 [egg-schedule]: register schedule /Users/yuejingge/Documents/开发日记/yuancheng/learn-egg/server/node_modules/egg-multipart/app/schedule/clean_tmpdir.js
2019-05-27 17:33:53,298 INFO 32708 [egg-schedule]: register schedule /Users/yuejingge/Documents/开发日记/yuancheng/learn-egg/server/node_modules/egg-logrotator/app/schedule/clean_log.js
2019-05-27 17:33:53,298 INFO 32708 [egg-schedule]: register schedule /Users/yuejingge/Documents/开发日记/yuancheng/learn-egg/server/node_modules/egg-logrotator/app/schedule/rotate_by_file.js
2019-05-27 17:33:53,420 INFO 32703 [Timer] /Users/yuejingge/Documents/开发日记/yuancheng/learn-egg/server/node_modules/egg-multipart/app/schedule/clean_tmpdir.js next time will execute after 39366583ms at 2019-05-28 04:30:00.003
2019-05-27 17:33:53,420 INFO 32703 [Timer] /Users/yuejingge/Documents/开发日记/yuancheng/learn-egg/server/node_modules/egg-logrotator/app/schedule/clean_log.js next time will execute after 23166580ms at 2019-05-28 00:00:00.000
2019-05-27 17:33:53,421 INFO 32703 [Timer] /Users/yuejingge/Documents/开发日记/yuancheng/learn-egg/server/node_modules/egg-logrotator/app/schedule/rotate_by_file.js next time will execute after 23167580ms at 2019-05-28 00:00:01.001
2019-05-27 17:42:37,729 INFO 33145 [Timer] /Users/yuejingge/Documents/开发日记/yuancheng/learn-egg/node_modules/egg-multipart/app/schedule/clean_tmpdir.js next time will execute after 38842273ms at 2019-05-28 04:30:00.002
2019-05-27 17:42:37,730 INFO 33145 [Timer] /Users/yuejingge/Documents/开发日记/yuancheng/learn-egg/node_modules/egg-logrotator/app/schedule/clean_log.js next time will execute after 22642270ms at 2019-05-28 00:00:00.000
2019-05-27 17:42:37,730 INFO 33145 [Timer] /Users/yuejingge/Documents/开发日记/yuancheng/learn-egg/node_modules/egg-logrotator/app/schedule/rotate_by_file.js next time will execute after 22643270ms at 2019-05-28 00:00:01.000
2019-05-27 17:42:37,605 INFO 33150 [egg-schedule]: register schedule /Users/yuejingge/Documents/开发日记/yuancheng/learn-egg/node_modules/egg-multipart/app/schedule/clean_tmpdir.js
2019-05-27 17:42:37,605 INFO 33150 [egg-schedule]: register schedule /Users/yuejingge/Documents/开发日记/yuancheng/learn-egg/node_modules/egg-logrotator/app/schedule/clean_log.js
2019-05-27 17:42:37,605 INFO 33150 [egg-schedule]: register schedule /Users/yuejingge/Documents/开发日记/yuancheng/learn-egg/node_modules/egg-logrotator/app/schedule/rotate_by_file.js
2019-05-27 17:46:24,508 INFO 33255 [egg-schedule]: register schedule /Users/yuejingge/Documents/开发日记/yuancheng/learn-egg/node_modules/egg-multipart/app/schedule/clean_tmpdir.js
2019-05-27 17:46:24,508 INFO 33255 [egg-schedule]: register schedule /Users/yuejingge/Documents/开发日记/yuancheng/learn-egg/node_modules/egg-logrotator/app/schedule/clean_log.js
2019-05-27 17:46:24,508 INFO 33255 [egg-schedule]: register schedule /Users/yuejingge/Documents/开发日记/yuancheng/learn-egg/node_modules/egg-logrotator/app/schedule/rotate_by_file.js
2019-05-27 17:46:25,983 INFO 33258 [egg-schedule]: register schedule /Users/yuejingge/Documents/开发日记/yuancheng/learn-egg/node_modules/egg-multipart/app/schedule/clean_tmpdir.js
2019-05-27 17:46:25,983 INFO 33258 [egg-schedule]: register schedule /Users/yuejingge/Documents/开发日记/yuancheng/learn-egg/node_modules/egg-logrotator/app/schedule/clean_log.js
2019-05-27 17:46:25,983 INFO 33258 [egg-schedule]: register schedule /Users/yuejingge/Documents/开发日记/yuancheng/learn-egg/node_modules/egg-logrotator/app/schedule/rotate_by_file.js
2019-05-27 17:47:55,034 INFO 33438 [egg-schedule]: register schedule /Users/yuejingge/Documents/开发日记/yuancheng/learn-egg/node_modules/egg-multipart/app/schedule/clean_tmpdir.js
2019-05-27 17:47:55,035 INFO 33438 [egg-schedule]: register schedule /Users/yuejingge/Documents/开发日记/yuancheng/learn-egg/node_modules/egg-logrotator/app/schedule/clean_log.js
2019-05-27 17:47:55,035 INFO 33438 [egg-schedule]: register schedule /Users/yuejingge/Documents/开发日记/yuancheng/learn-egg/node_modules/egg-logrotator/app/schedule/rotate_by_file.js
2019-05-27 17:47:55,151 INFO 33433 [Timer] /Users/yuejingge/Documents/开发日记/yuancheng/learn-egg/node_modules/egg-multipart/app/schedule/clean_tmpdir.js next time will execute after 38524851ms at 2019-05-28 04:30:00.002
2019-05-27 17:47:55,152 INFO 33433 [Timer] /Users/yuejingge/Documents/开发日记/yuancheng/learn-egg/node_modules/egg-logrotator/app/schedule/clean_log.js next time will execute after 22324848ms at 2019-05-28 00:00:00.000
2019-05-27 17:47:55,152 INFO 33433 [Timer] /Users/yuejingge/Documents/开发日记/yuancheng/learn-egg/node_modules/egg-logrotator/app/schedule/rotate_by_file.js next time will execute after 22325848ms at 2019-05-28 00:00:01.000
