2019-05-27 16:00:40,113 INFO 28794 [egg:logger] init all loggers with options: {"dir":"/Users/yuejingge/Documents/开发日记/yuancheng/webpack-react/server/logs/server","encoding":"utf8","env":"local","level":"INFO","consoleLevel":"INFO","disableConsoleAfterReady":false,"outputJSON":false,"buffer":true,"appLogName":"server-web.log","coreLogName":"egg-web.log","agentLogName":"egg-agent.log","errorLogName":"common-error.log","coreLogger":{"consoleLevel":"WARN"},"allowDebugAtProd":false,"type":"application"}
2019-05-27 16:00:40,141 INFO 28794 [egg-multipart] stream mode enable
2019-05-27 16:00:40,225 INFO 28794 [egg-static] starting static serve /public/ -> /Users/yuejingge/Documents/开发日记/yuancheng/webpack-react/server/app/public
2019-05-27 16:00:40,228 INFO 28794 [egg-security] use csrf middleware
2019-05-27 16:00:40,229 INFO 28794 [egg-security] use methodnoallow middleware
2019-05-27 16:00:40,230 INFO 28794 [egg-security] use noopen middleware
2019-05-27 16:00:40,232 INFO 28794 [egg-security] use nosniff middleware
2019-05-27 16:00:40,233 INFO 28794 [egg-security] use xssProtection middleware
2019-05-27 16:00:40,234 INFO 28794 [egg-security] use xframe middleware
2019-05-27 16:00:40,234 INFO 28794 [egg-security] use dta middleware
2019-05-27 16:00:40,234 INFO 28794 [egg-security] compose 7 middlewares into one security middleware
2019-05-27 16:00:40,242 INFO 28794 [egg:core] dump config after load, 4ms
2019-05-27 16:00:40,252 INFO 28794 [egg-watcher:application] watcher start success
2019-05-27 16:00:40,257 INFO 28794 [egg:core] dump config after ready, 3ms
2019-05-27 16:14:30,551 INFO 29113 [egg:logger] init all loggers with options: {"dir":"/Users/yuejingge/Documents/开发日记/yuancheng/webpack-react/server/logs/server","encoding":"utf8","env":"local","level":"INFO","consoleLevel":"INFO","disableConsoleAfterReady":false,"outputJSON":false,"buffer":true,"appLogName":"server-web.log","coreLogName":"egg-web.log","agentLogName":"egg-agent.log","errorLogName":"common-error.log","coreLogger":{"consoleLevel":"WARN"},"allowDebugAtProd":false,"type":"application"}
2019-05-27 16:14:30,578 INFO 29113 [egg-multipart] stream mode enable
2019-05-27 16:14:30,651 INFO 29113 [egg-static] starting static serve /public/ -> /Users/yuejingge/Documents/开发日记/yuancheng/webpack-react/server/app/public
2019-05-27 16:14:30,653 INFO 29113 [egg-security] use csrf middleware
2019-05-27 16:14:30,654 INFO 29113 [egg-security] use methodnoallow middleware
2019-05-27 16:14:30,655 INFO 29113 [egg-security] use noopen middleware
2019-05-27 16:14:30,656 INFO 29113 [egg-security] use nosniff middleware
2019-05-27 16:14:30,657 INFO 29113 [egg-security] use xssProtection middleware
2019-05-27 16:14:30,657 INFO 29113 [egg-security] use xframe middleware
2019-05-27 16:14:30,658 INFO 29113 [egg-security] use dta middleware
2019-05-27 16:14:30,658 INFO 29113 [egg-security] compose 7 middlewares into one security middleware
2019-05-27 16:14:30,666 INFO 29113 [egg:core] dump config after load, 5ms
2019-05-27 16:14:30,674 INFO 29113 [egg-watcher:application] watcher start success
2019-05-27 16:14:30,682 INFO 29113 [egg:core] dump config after ready, 6ms
2019-05-27 16:14:31,267 INFO 29122 [egg:logger] init all loggers with options: {"dir":"/Users/yuejingge/Documents/开发日记/yuancheng/webpack-react/server/logs/server","encoding":"utf8","env":"local","level":"INFO","consoleLevel":"INFO","disableConsoleAfterReady":false,"outputJSON":false,"buffer":true,"appLogName":"server-web.log","coreLogName":"egg-web.log","agentLogName":"egg-agent.log","errorLogName":"common-error.log","coreLogger":{"consoleLevel":"WARN"},"allowDebugAtProd":false,"type":"application"}
2019-05-27 16:14:31,291 INFO 29122 [egg-multipart] stream mode enable
2019-05-27 16:14:31,335 INFO 29122 [egg-static] starting static serve /public/ -> /Users/yuejingge/Documents/开发日记/yuancheng/webpack-react/server/app/public
2019-05-27 16:14:31,337 INFO 29122 [egg-security] use csrf middleware
2019-05-27 16:14:31,338 INFO 29122 [egg-security] use methodnoallow middleware
2019-05-27 16:14:31,338 INFO 29122 [egg-security] use noopen middleware
2019-05-27 16:14:31,339 INFO 29122 [egg-security] use nosniff middleware
2019-05-27 16:14:31,339 INFO 29122 [egg-security] use xssProtection middleware
2019-05-27 16:14:31,339 INFO 29122 [egg-security] use xframe middleware
2019-05-27 16:14:31,339 INFO 29122 [egg-security] use dta middleware
2019-05-27 16:14:31,339 INFO 29122 [egg-security] compose 7 middlewares into one security middleware
2019-05-27 16:14:31,347 INFO 29122 [egg:core] dump config after load, 5ms
2019-05-27 16:14:31,355 INFO 29122 [egg-watcher:application] watcher start success
2019-05-27 16:14:31,361 INFO 29122 [egg:core] dump config after ready, 4ms
2019-05-27 16:16:08,033 INFO 29171 [egg:logger] init all loggers with options: {"dir":"/Users/yuejingge/Documents/开发日记/yuancheng/webpack-react/server/logs/server","encoding":"utf8","env":"local","level":"INFO","consoleLevel":"INFO","disableConsoleAfterReady":false,"outputJSON":false,"buffer":true,"appLogName":"server-web.log","coreLogName":"egg-web.log","agentLogName":"egg-agent.log","errorLogName":"common-error.log","coreLogger":{"consoleLevel":"WARN"},"allowDebugAtProd":false,"type":"application"}
2019-05-27 16:16:08,058 INFO 29171 [egg-multipart] stream mode enable
2019-05-27 16:16:08,097 INFO 29171 [egg-static] starting static serve /public/ -> /Users/yuejingge/Documents/开发日记/yuancheng/webpack-react/server/app/public
2019-05-27 16:16:08,099 INFO 29171 [egg-security] use csrf middleware
2019-05-27 16:16:08,099 INFO 29171 [egg-security] use methodnoallow middleware
2019-05-27 16:16:08,100 INFO 29171 [egg-security] use noopen middleware
2019-05-27 16:16:08,100 INFO 29171 [egg-security] use nosniff middleware
2019-05-27 16:16:08,100 INFO 29171 [egg-security] use xssProtection middleware
2019-05-27 16:16:08,101 INFO 29171 [egg-security] use xframe middleware
2019-05-27 16:16:08,101 INFO 29171 [egg-security] use dta middleware
2019-05-27 16:16:08,101 INFO 29171 [egg-security] compose 7 middlewares into one security middleware
2019-05-27 16:16:08,108 INFO 29171 [egg:core] dump config after load, 4ms
2019-05-27 16:16:08,116 INFO 29171 [egg-watcher:application] watcher start success
2019-05-27 16:16:08,122 INFO 29171 [egg:core] dump config after ready, 3ms
2019-05-27 16:24:31,428 WARN 29171 [ClusterClient:Watcher] follower closed, and try to init it again
2019-05-27 16:38:09,748 INFO 29843 [egg:logger] init all loggers with options: {"dir":"/Users/yuejingge/Documents/开发日记/yuancheng/webpack-react/server/logs/server","encoding":"utf8","env":"local","level":"INFO","consoleLevel":"INFO","disableConsoleAfterReady":false,"outputJSON":false,"buffer":true,"appLogName":"server-web.log","coreLogName":"egg-web.log","agentLogName":"egg-agent.log","errorLogName":"common-error.log","coreLogger":{"consoleLevel":"WARN"},"allowDebugAtProd":false,"type":"application"}
2019-05-27 16:38:09,777 INFO 29843 [egg-multipart] stream mode enable
2019-05-27 16:38:09,856 INFO 29843 [egg-static] starting static serve /public/ -> /Users/yuejingge/Documents/开发日记/yuancheng/webpack-react/server/app/public
2019-05-27 16:38:09,858 INFO 29843 [egg-security] use csrf middleware
2019-05-27 16:38:09,859 INFO 29843 [egg-security] use methodnoallow middleware
2019-05-27 16:38:09,860 INFO 29843 [egg-security] use noopen middleware
2019-05-27 16:38:09,861 INFO 29843 [egg-security] use nosniff middleware
2019-05-27 16:38:09,862 INFO 29843 [egg-security] use xssProtection middleware
2019-05-27 16:38:09,863 INFO 29843 [egg-security] use xframe middleware
2019-05-27 16:38:09,864 INFO 29843 [egg-security] use dta middleware
2019-05-27 16:38:09,864 INFO 29843 [egg-security] compose 7 middlewares into one security middleware
2019-05-27 16:38:09,874 INFO 29843 [egg:core] dump config after load, 6ms
2019-05-27 16:38:09,887 INFO 29843 [egg-watcher:application] watcher start success
2019-05-27 16:38:09,894 INFO 29843 [egg:core] dump config after ready, 5ms
2019-05-27 16:38:36,735 INFO 29866 [egg:logger] init all loggers with options: {"dir":"/Users/yuejingge/Documents/开发日记/yuancheng/webpack-react/server/logs/server","encoding":"utf8","env":"local","level":"INFO","consoleLevel":"INFO","disableConsoleAfterReady":false,"outputJSON":false,"buffer":true,"appLogName":"server-web.log","coreLogName":"egg-web.log","agentLogName":"egg-agent.log","errorLogName":"common-error.log","coreLogger":{"consoleLevel":"WARN"},"allowDebugAtProd":false,"type":"application"}
2019-05-27 16:38:36,756 INFO 29866 [egg-multipart] stream mode enable
2019-05-27 16:38:36,788 INFO 29866 [egg-static] starting static serve /public/ -> /Users/yuejingge/Documents/开发日记/yuancheng/webpack-react/server/app/public
2019-05-27 16:38:36,791 INFO 29866 [egg-security] use csrf middleware
2019-05-27 16:38:36,791 INFO 29866 [egg-security] use methodnoallow middleware
2019-05-27 16:38:36,792 INFO 29866 [egg-security] use noopen middleware
2019-05-27 16:38:36,792 INFO 29866 [egg-security] use nosniff middleware
2019-05-27 16:38:36,792 INFO 29866 [egg-security] use xssProtection middleware
2019-05-27 16:38:36,793 INFO 29866 [egg-security] use xframe middleware
2019-05-27 16:38:36,793 INFO 29866 [egg-security] use dta middleware
2019-05-27 16:38:36,793 INFO 29866 [egg-security] compose 7 middlewares into one security middleware
2019-05-27 16:38:36,799 INFO 29866 [egg:core] dump config after load, 3ms
2019-05-27 16:38:36,807 INFO 29866 [egg-watcher:application] watcher start success
2019-05-27 16:38:36,813 INFO 29866 [egg:core] dump config after ready, 4ms
2019-05-27 16:38:39,835 INFO 29874 [egg:logger] init all loggers with options: {"dir":"/Users/yuejingge/Documents/开发日记/yuancheng/webpack-react/server/logs/server","encoding":"utf8","env":"local","level":"INFO","consoleLevel":"INFO","disableConsoleAfterReady":false,"outputJSON":false,"buffer":true,"appLogName":"server-web.log","coreLogName":"egg-web.log","agentLogName":"egg-agent.log","errorLogName":"common-error.log","coreLogger":{"consoleLevel":"WARN"},"allowDebugAtProd":false,"type":"application"}
2019-05-27 16:38:39,858 INFO 29874 [egg-multipart] stream mode enable
2019-05-27 16:38:39,894 INFO 29874 [egg-static] starting static serve /public/ -> /Users/yuejingge/Documents/开发日记/yuancheng/webpack-react/server/app/public
2019-05-27 16:38:39,896 INFO 29874 [egg-security] use csrf middleware
2019-05-27 16:38:39,896 INFO 29874 [egg-security] use methodnoallow middleware
2019-05-27 16:38:39,897 INFO 29874 [egg-security] use noopen middleware
2019-05-27 16:38:39,897 INFO 29874 [egg-security] use nosniff middleware
2019-05-27 16:38:39,897 INFO 29874 [egg-security] use xssProtection middleware
2019-05-27 16:38:39,898 INFO 29874 [egg-security] use xframe middleware
2019-05-27 16:38:39,898 INFO 29874 [egg-security] use dta middleware
2019-05-27 16:38:39,898 INFO 29874 [egg-security] compose 7 middlewares into one security middleware
2019-05-27 16:38:39,907 INFO 29874 [egg:core] dump config after load, 5ms
2019-05-27 16:38:39,917 INFO 29874 [egg-watcher:application] watcher start success
2019-05-27 16:38:39,922 INFO 29874 [egg:core] dump config after ready, 3ms
2019-05-27 16:41:23,531 INFO 30157 [egg:logger] init all loggers with options: {"dir":"/Users/yuejingge/Documents/开发日记/yuancheng/webpack-react/server/logs/server","encoding":"utf8","env":"local","level":"INFO","consoleLevel":"INFO","disableConsoleAfterReady":false,"outputJSON":false,"buffer":true,"appLogName":"server-web.log","coreLogName":"egg-web.log","agentLogName":"egg-agent.log","errorLogName":"common-error.log","coreLogger":{"consoleLevel":"WARN"},"allowDebugAtProd":false,"type":"application"}
2019-05-27 16:41:23,559 INFO 30157 [egg-multipart] stream mode enable
2019-05-27 16:41:23,635 INFO 30157 [egg-static] starting static serve /public/ -> /Users/yuejingge/Documents/开发日记/yuancheng/webpack-react/server/app/public
2019-05-27 16:41:23,638 INFO 30157 [egg-security] use csrf middleware
2019-05-27 16:41:23,640 INFO 30157 [egg-security] use methodnoallow middleware
2019-05-27 16:41:23,640 INFO 30157 [egg-security] use noopen middleware
2019-05-27 16:41:23,641 INFO 30157 [egg-security] use nosniff middleware
2019-05-27 16:41:23,642 INFO 30157 [egg-security] use xssProtection middleware
2019-05-27 16:41:23,643 INFO 30157 [egg-security] use xframe middleware
2019-05-27 16:41:23,644 INFO 30157 [egg-security] use dta middleware
2019-05-27 16:41:23,644 INFO 30157 [egg-security] compose 7 middlewares into one security middleware
2019-05-27 16:41:23,653 INFO 30157 [egg:core] dump config after load, 4ms
2019-05-27 16:41:23,663 INFO 30157 [egg-watcher:application] watcher start success
2019-05-27 16:41:23,668 INFO 30157 [egg:core] dump config after ready, 3ms
2019-05-27 16:56:35,972 INFO 30935 [egg:logger] init all loggers with options: {"dir":"/Users/yuejingge/Documents/开发日记/yuancheng/webpack-react/server/logs/server","encoding":"utf8","env":"local","level":"INFO","consoleLevel":"INFO","disableConsoleAfterReady":false,"outputJSON":false,"buffer":true,"appLogName":"server-web.log","coreLogName":"egg-web.log","agentLogName":"egg-agent.log","errorLogName":"common-error.log","coreLogger":{"consoleLevel":"WARN"},"allowDebugAtProd":false,"type":"application"}
2019-05-27 16:56:35,997 INFO 30935 [egg-multipart] stream mode enable
2019-05-27 16:56:36,036 INFO 30935 [egg-static] starting static serve /public/ -> /Users/yuejingge/Documents/开发日记/yuancheng/webpack-react/server/app/public
2019-05-27 16:56:36,039 INFO 30935 [egg-security] use csrf middleware
2019-05-27 16:56:36,040 INFO 30935 [egg-security] use methodnoallow middleware
2019-05-27 16:56:36,040 INFO 30935 [egg-security] use noopen middleware
2019-05-27 16:56:36,041 INFO 30935 [egg-security] use nosniff middleware
2019-05-27 16:56:36,041 INFO 30935 [egg-security] use xssProtection middleware
2019-05-27 16:56:36,041 INFO 30935 [egg-security] use xframe middleware
2019-05-27 16:56:36,042 INFO 30935 [egg-security] use dta middleware
2019-05-27 16:56:36,042 INFO 30935 [egg-security] compose 7 middlewares into one security middleware
2019-05-27 16:56:36,050 INFO 30935 [egg:core] dump config after load, 4ms
2019-05-27 16:56:36,063 INFO 30935 [egg-watcher:application] watcher start success
2019-05-27 16:56:36,069 INFO 30935 [egg:core] dump config after ready, 4ms
2019-05-27 17:14:48,968 INFO 31696 [egg:logger] init all loggers with options: {"dir":"/Users/yuejingge/Documents/开发日记/yuancheng/webpack-react/server/logs/server","encoding":"utf8","env":"local","level":"INFO","consoleLevel":"INFO","disableConsoleAfterReady":false,"outputJSON":false,"buffer":true,"appLogName":"server-web.log","coreLogName":"egg-web.log","agentLogName":"egg-agent.log","errorLogName":"common-error.log","coreLogger":{"consoleLevel":"WARN"},"allowDebugAtProd":false,"type":"application"}
2019-05-27 17:14:48,998 INFO 31696 [egg-multipart] stream mode enable
2019-05-27 17:14:49,086 INFO 31696 [egg-static] starting static serve /public/ -> /Users/yuejingge/Documents/开发日记/yuancheng/webpack-react/server/app/public
2019-05-27 17:14:49,090 INFO 31696 [egg-security] use csrf middleware
2019-05-27 17:14:49,092 INFO 31696 [egg-security] use methodnoallow middleware
2019-05-27 17:14:49,093 INFO 31696 [egg-security] use noopen middleware
2019-05-27 17:14:49,094 INFO 31696 [egg-security] use nosniff middleware
2019-05-27 17:14:49,095 INFO 31696 [egg-security] use xssProtection middleware
2019-05-27 17:14:49,096 INFO 31696 [egg-security] use xframe middleware
2019-05-27 17:14:49,097 INFO 31696 [egg-security] use dta middleware
2019-05-27 17:14:49,097 INFO 31696 [egg-security] compose 7 middlewares into one security middleware
2019-05-27 17:14:49,111 INFO 31696 [egg:core] dump config after load, 7ms
2019-05-27 17:14:49,135 INFO 31696 [egg-watcher:application] watcher start success
2019-05-27 17:14:49,140 INFO 31696 [egg:core] dump config after ready, 4ms
2019-05-27 17:15:24,865 INFO 31718 [egg:logger] init all loggers with options: {"dir":"/Users/yuejingge/Documents/开发日记/yuancheng/webpack-react/server/logs/server","encoding":"utf8","env":"local","level":"INFO","consoleLevel":"INFO","disableConsoleAfterReady":false,"outputJSON":false,"buffer":true,"appLogName":"server-web.log","coreLogName":"egg-web.log","agentLogName":"egg-agent.log","errorLogName":"common-error.log","coreLogger":{"consoleLevel":"WARN"},"allowDebugAtProd":false,"type":"application"}
2019-05-27 17:15:24,886 INFO 31718 [egg-multipart] stream mode enable
2019-05-27 17:15:24,922 INFO 31718 [egg-static] starting static serve /public/ -> /Users/yuejingge/Documents/开发日记/yuancheng/webpack-react/server/app/public
2019-05-27 17:15:24,924 INFO 31718 [egg-security] use csrf middleware
2019-05-27 17:15:24,924 INFO 31718 [egg-security] use methodnoallow middleware
2019-05-27 17:15:24,925 INFO 31718 [egg-security] use noopen middleware
2019-05-27 17:15:24,925 INFO 31718 [egg-security] use nosniff middleware
2019-05-27 17:15:24,925 INFO 31718 [egg-security] use xssProtection middleware
2019-05-27 17:15:24,926 INFO 31718 [egg-security] use xframe middleware
2019-05-27 17:15:24,926 INFO 31718 [egg-security] use dta middleware
2019-05-27 17:15:24,926 INFO 31718 [egg-security] compose 7 middlewares into one security middleware
2019-05-27 17:15:24,933 INFO 31718 [egg:core] dump config after load, 4ms
2019-05-27 17:15:24,941 INFO 31718 [egg-watcher:application] watcher start success
2019-05-27 17:15:24,946 INFO 31718 [egg:core] dump config after ready, 3ms
2019-05-27 17:15:33,792 INFO 31726 [egg:logger] init all loggers with options: {"dir":"/Users/yuejingge/Documents/开发日记/yuancheng/webpack-react/server/logs/server","encoding":"utf8","env":"local","level":"INFO","consoleLevel":"INFO","disableConsoleAfterReady":false,"outputJSON":false,"buffer":true,"appLogName":"server-web.log","coreLogName":"egg-web.log","agentLogName":"egg-agent.log","errorLogName":"common-error.log","coreLogger":{"consoleLevel":"WARN"},"allowDebugAtProd":false,"type":"application"}
2019-05-27 17:15:33,817 INFO 31726 [egg-multipart] stream mode enable
2019-05-27 17:15:33,854 INFO 31726 [egg-static] starting static serve /public/ -> /Users/yuejingge/Documents/开发日记/yuancheng/webpack-react/server/app/public
2019-05-27 17:15:33,857 INFO 31726 [egg-security] use csrf middleware
2019-05-27 17:15:33,858 INFO 31726 [egg-security] use methodnoallow middleware
2019-05-27 17:15:33,859 INFO 31726 [egg-security] use noopen middleware
2019-05-27 17:15:33,860 INFO 31726 [egg-security] use nosniff middleware
2019-05-27 17:15:33,860 INFO 31726 [egg-security] use xssProtection middleware
2019-05-27 17:15:33,860 INFO 31726 [egg-security] use xframe middleware
2019-05-27 17:15:33,861 INFO 31726 [egg-security] use dta middleware
2019-05-27 17:15:33,861 INFO 31726 [egg-security] compose 7 middlewares into one security middleware
2019-05-27 17:15:33,869 INFO 31726 [egg:core] dump config after load, 5ms
2019-05-27 17:15:33,880 INFO 31726 [egg-watcher:application] watcher start success
2019-05-27 17:15:33,886 INFO 31726 [egg:core] dump config after ready, 4ms
2019-05-27 17:16:05,658 INFO 31752 [egg:logger] init all loggers with options: {"dir":"/Users/yuejingge/Documents/开发日记/yuancheng/webpack-react/server/logs/server","encoding":"utf8","env":"local","level":"INFO","consoleLevel":"INFO","disableConsoleAfterReady":false,"outputJSON":false,"buffer":true,"appLogName":"server-web.log","coreLogName":"egg-web.log","agentLogName":"egg-agent.log","errorLogName":"common-error.log","coreLogger":{"consoleLevel":"WARN"},"allowDebugAtProd":false,"type":"application"}
2019-05-27 17:16:05,682 INFO 31752 [egg-multipart] stream mode enable
2019-05-27 17:16:05,725 INFO 31752 [egg-static] starting static serve /public/ -> /Users/yuejingge/Documents/开发日记/yuancheng/webpack-react/server/app/public
2019-05-27 17:16:05,727 INFO 31752 [egg-security] use csrf middleware
2019-05-27 17:16:05,728 INFO 31752 [egg-security] use methodnoallow middleware
2019-05-27 17:16:05,728 INFO 31752 [egg-security] use noopen middleware
2019-05-27 17:16:05,729 INFO 31752 [egg-security] use nosniff middleware
2019-05-27 17:16:05,729 INFO 31752 [egg-security] use xssProtection middleware
2019-05-27 17:16:05,730 INFO 31752 [egg-security] use xframe middleware
2019-05-27 17:16:05,730 INFO 31752 [egg-security] use dta middleware
2019-05-27 17:16:05,730 INFO 31752 [egg-security] compose 7 middlewares into one security middleware
2019-05-27 17:16:05,739 INFO 31752 [egg:core] dump config after load, 6ms
2019-05-27 17:16:05,748 INFO 31752 [egg-watcher:application] watcher start success
2019-05-27 17:16:05,754 INFO 31752 [egg:core] dump config after ready, 4ms
2019-05-27 17:16:51,864 INFO 31796 [egg:logger] init all loggers with options: {"dir":"/Users/yuejingge/Documents/开发日记/yuancheng/webpack-react/server/logs/server","encoding":"utf8","env":"local","level":"INFO","consoleLevel":"INFO","disableConsoleAfterReady":false,"outputJSON":false,"buffer":true,"appLogName":"server-web.log","coreLogName":"egg-web.log","agentLogName":"egg-agent.log","errorLogName":"common-error.log","coreLogger":{"consoleLevel":"WARN"},"allowDebugAtProd":false,"type":"application"}
2019-05-27 17:16:51,886 INFO 31796 [egg-multipart] stream mode enable
2019-05-27 17:16:51,926 INFO 31796 [egg-static] starting static serve /public/ -> /Users/yuejingge/Documents/开发日记/yuancheng/webpack-react/server/app/public
2019-05-27 17:16:51,928 INFO 31796 [egg-security] use csrf middleware
2019-05-27 17:16:51,929 INFO 31796 [egg-security] use methodnoallow middleware
2019-05-27 17:16:51,929 INFO 31796 [egg-security] use noopen middleware
2019-05-27 17:16:51,929 INFO 31796 [egg-security] use nosniff middleware
2019-05-27 17:16:51,930 INFO 31796 [egg-security] use xssProtection middleware
2019-05-27 17:16:51,930 INFO 31796 [egg-security] use xframe middleware
2019-05-27 17:16:51,930 INFO 31796 [egg-security] use dta middleware
2019-05-27 17:16:51,930 INFO 31796 [egg-security] compose 7 middlewares into one security middleware
2019-05-27 17:16:51,938 INFO 31796 [egg:core] dump config after load, 4ms
2019-05-27 17:16:51,946 INFO 31796 [egg-watcher:application] watcher start success
2019-05-27 17:16:51,951 INFO 31796 [egg:core] dump config after ready, 3ms
2019-05-27 17:16:56,493 INFO 31796 [egg-view-nunjucks] loading templates from ["/Users/yuejingge/Documents/开发日记/yuancheng/webpack-react/server/app/view"]
2019-05-27 17:19:00,260 INFO 31872 [egg:logger] init all loggers with options: {"dir":"/Users/yuejingge/Documents/开发日记/yuancheng/webpack-react/server/logs/server","encoding":"utf8","env":"local","level":"INFO","consoleLevel":"INFO","disableConsoleAfterReady":false,"outputJSON":false,"buffer":true,"appLogName":"server-web.log","coreLogName":"egg-web.log","agentLogName":"egg-agent.log","errorLogName":"common-error.log","coreLogger":{"consoleLevel":"WARN"},"allowDebugAtProd":false,"type":"application"}
2019-05-27 17:19:00,282 INFO 31872 [egg-multipart] stream mode enable
2019-05-27 17:19:00,320 INFO 31872 [egg-static] starting static serve /public/ -> /Users/yuejingge/Documents/开发日记/yuancheng/webpack-react/server/app/public
2019-05-27 17:19:00,322 INFO 31872 [egg-security] use csrf middleware
2019-05-27 17:19:00,323 INFO 31872 [egg-security] use methodnoallow middleware
2019-05-27 17:19:00,323 INFO 31872 [egg-security] use noopen middleware
2019-05-27 17:19:00,323 INFO 31872 [egg-security] use nosniff middleware
2019-05-27 17:19:00,324 INFO 31872 [egg-security] use xssProtection middleware
2019-05-27 17:19:00,324 INFO 31872 [egg-security] use xframe middleware
2019-05-27 17:19:00,324 INFO 31872 [egg-security] use dta middleware
2019-05-27 17:19:00,324 INFO 31872 [egg-security] compose 7 middlewares into one security middleware
2019-05-27 17:19:00,331 INFO 31872 [egg:core] dump config after load, 4ms
2019-05-27 17:19:00,339 INFO 31872 [egg-watcher:application] watcher start success
2019-05-27 17:19:00,344 INFO 31872 [egg:core] dump config after ready, 3ms
2019-05-27 17:21:10,785 INFO 31916 [egg:logger] init all loggers with options: {"dir":"/Users/yuejingge/Documents/开发日记/yuancheng/webpack-react/server/logs/server","encoding":"utf8","env":"local","level":"INFO","consoleLevel":"INFO","disableConsoleAfterReady":false,"outputJSON":false,"buffer":true,"appLogName":"server-web.log","coreLogName":"egg-web.log","agentLogName":"egg-agent.log","errorLogName":"common-error.log","coreLogger":{"consoleLevel":"WARN"},"allowDebugAtProd":false,"type":"application"}
2019-05-27 17:21:10,807 INFO 31916 [egg-multipart] stream mode enable
2019-05-27 17:21:10,840 INFO 31916 [egg-static] starting static serve /public/ -> /Users/yuejingge/Documents/开发日记/yuancheng/webpack-react/server/app/public
2019-05-27 17:21:10,843 INFO 31916 [egg-security] use csrf middleware
2019-05-27 17:21:10,844 INFO 31916 [egg-security] use methodnoallow middleware
2019-05-27 17:21:10,844 INFO 31916 [egg-security] use noopen middleware
2019-05-27 17:21:10,844 INFO 31916 [egg-security] use nosniff middleware
2019-05-27 17:21:10,845 INFO 31916 [egg-security] use xssProtection middleware
2019-05-27 17:21:10,845 INFO 31916 [egg-security] use xframe middleware
2019-05-27 17:21:10,845 INFO 31916 [egg-security] use dta middleware
2019-05-27 17:21:10,845 INFO 31916 [egg-security] compose 7 middlewares into one security middleware
2019-05-27 17:21:10,853 INFO 31916 [egg:core] dump config after load, 4ms
2019-05-27 17:21:10,862 INFO 31916 [egg-watcher:application] watcher start success
2019-05-27 17:21:10,868 INFO 31916 [egg:core] dump config after ready, 3ms
2019-05-27 17:21:22,414 INFO 31926 [egg:logger] init all loggers with options: {"dir":"/Users/yuejingge/Documents/开发日记/yuancheng/webpack-react/server/logs/server","encoding":"utf8","env":"local","level":"INFO","consoleLevel":"INFO","disableConsoleAfterReady":false,"outputJSON":false,"buffer":true,"appLogName":"server-web.log","coreLogName":"egg-web.log","agentLogName":"egg-agent.log","errorLogName":"common-error.log","coreLogger":{"consoleLevel":"WARN"},"allowDebugAtProd":false,"type":"application"}
2019-05-27 17:21:22,442 INFO 31926 [egg-multipart] stream mode enable
2019-05-27 17:21:22,483 INFO 31926 [egg-static] starting static serve /public/ -> /Users/yuejingge/Documents/开发日记/yuancheng/webpack-react/server/app/public
2019-05-27 17:21:22,485 INFO 31926 [egg-security] use csrf middleware
2019-05-27 17:21:22,486 INFO 31926 [egg-security] use methodnoallow middleware
2019-05-27 17:21:22,486 INFO 31926 [egg-security] use noopen middleware
2019-05-27 17:21:22,487 INFO 31926 [egg-security] use nosniff middleware
2019-05-27 17:21:22,487 INFO 31926 [egg-security] use xssProtection middleware
2019-05-27 17:21:22,487 INFO 31926 [egg-security] use xframe middleware
2019-05-27 17:21:22,487 INFO 31926 [egg-security] use dta middleware
2019-05-27 17:21:22,488 INFO 31926 [egg-security] compose 7 middlewares into one security middleware
2019-05-27 17:21:22,496 INFO 31926 [egg:core] dump config after load, 4ms
2019-05-27 17:21:22,508 INFO 31926 [egg-watcher:application] watcher start success
2019-05-27 17:21:22,514 INFO 31926 [egg:core] dump config after ready, 4ms
2019-05-27 17:21:55,660 INFO 31945 [egg:logger] init all loggers with options: {"dir":"/Users/yuejingge/Documents/开发日记/yuancheng/webpack-react/server/logs/server","encoding":"utf8","env":"local","level":"INFO","consoleLevel":"INFO","disableConsoleAfterReady":false,"outputJSON":false,"buffer":true,"appLogName":"server-web.log","coreLogName":"egg-web.log","agentLogName":"egg-agent.log","errorLogName":"common-error.log","coreLogger":{"consoleLevel":"WARN"},"allowDebugAtProd":false,"type":"application"}
2019-05-27 17:21:55,681 INFO 31945 [egg-multipart] stream mode enable
2019-05-27 17:21:55,715 INFO 31945 [egg-static] starting static serve /public/ -> /Users/yuejingge/Documents/开发日记/yuancheng/webpack-react/server/app/public
2019-05-27 17:21:55,717 INFO 31945 [egg-security] use csrf middleware
2019-05-27 17:21:55,718 INFO 31945 [egg-security] use methodnoallow middleware
2019-05-27 17:21:55,718 INFO 31945 [egg-security] use noopen middleware
2019-05-27 17:21:55,718 INFO 31945 [egg-security] use nosniff middleware
2019-05-27 17:21:55,719 INFO 31945 [egg-security] use xssProtection middleware
2019-05-27 17:21:55,719 INFO 31945 [egg-security] use xframe middleware
2019-05-27 17:21:55,719 INFO 31945 [egg-security] use dta middleware
2019-05-27 17:21:55,719 INFO 31945 [egg-security] compose 7 middlewares into one security middleware
2019-05-27 17:21:55,735 INFO 31945 [egg:core] dump config after load, 12ms
2019-05-27 17:21:55,744 INFO 31945 [egg-watcher:application] watcher start success
2019-05-27 17:21:55,749 INFO 31945 [egg:core] dump config after ready, 3ms
2019-05-27 17:22:02,882 INFO 31945 [egg-view-nunjucks] loading templates from ["/Users/yuejingge/Documents/开发日记/yuancheng/webpack-react/server/app/view"]
2019-05-27 17:23:15,938 INFO 32020 [egg:logger] init all loggers with options: {"dir":"/Users/yuejingge/Documents/开发日记/yuancheng/webpack-react/server/logs/server","encoding":"utf8","env":"local","level":"INFO","consoleLevel":"INFO","disableConsoleAfterReady":false,"outputJSON":false,"buffer":true,"appLogName":"server-web.log","coreLogName":"egg-web.log","agentLogName":"egg-agent.log","errorLogName":"common-error.log","coreLogger":{"consoleLevel":"WARN"},"allowDebugAtProd":false,"type":"application"}
2019-05-27 17:23:15,970 INFO 32020 [egg-multipart] stream mode enable
2019-05-27 17:23:16,040 INFO 32020 [egg-static] starting static serve /public/ -> /Users/yuejingge/Documents/开发日记/yuancheng/webpack-react/server/app/public
2019-05-27 17:23:16,043 INFO 32020 [egg-security] use csrf middleware
2019-05-27 17:23:16,044 INFO 32020 [egg-security] use methodnoallow middleware
2019-05-27 17:23:16,044 INFO 32020 [egg-security] use noopen middleware
2019-05-27 17:23:16,046 INFO 32020 [egg-security] use nosniff middleware
2019-05-27 17:23:16,046 INFO 32020 [egg-security] use xssProtection middleware
2019-05-27 17:23:16,047 INFO 32020 [egg-security] use xframe middleware
2019-05-27 17:23:16,048 INFO 32020 [egg-security] use dta middleware
2019-05-27 17:23:16,048 INFO 32020 [egg-security] compose 7 middlewares into one security middleware
2019-05-27 17:23:16,057 INFO 32020 [egg:core] dump config after load, 4ms
2019-05-27 17:23:16,066 INFO 32020 [egg-watcher:application] watcher start success
2019-05-27 17:23:16,072 INFO 32020 [egg:core] dump config after ready, 4ms
2019-05-27 17:23:24,756 INFO 32033 [egg:logger] init all loggers with options: {"dir":"/Users/yuejingge/Documents/开发日记/yuancheng/webpack-react/server/logs/server","encoding":"utf8","env":"local","level":"INFO","consoleLevel":"INFO","disableConsoleAfterReady":false,"outputJSON":false,"buffer":true,"appLogName":"server-web.log","coreLogName":"egg-web.log","agentLogName":"egg-agent.log","errorLogName":"common-error.log","coreLogger":{"consoleLevel":"WARN"},"allowDebugAtProd":false,"type":"application"}
2019-05-27 17:23:24,779 INFO 32033 [egg-multipart] stream mode enable
2019-05-27 17:23:24,813 INFO 32033 [egg-static] starting static serve /public/ -> /Users/yuejingge/Documents/开发日记/yuancheng/webpack-react/server/app/public
2019-05-27 17:23:24,815 INFO 32033 [egg-security] use csrf middleware
2019-05-27 17:23:24,816 INFO 32033 [egg-security] use methodnoallow middleware
2019-05-27 17:23:24,816 INFO 32033 [egg-security] use noopen middleware
2019-05-27 17:23:24,817 INFO 32033 [egg-security] use nosniff middleware
2019-05-27 17:23:24,817 INFO 32033 [egg-security] use xssProtection middleware
2019-05-27 17:23:24,817 INFO 32033 [egg-security] use xframe middleware
2019-05-27 17:23:24,817 INFO 32033 [egg-security] use dta middleware
2019-05-27 17:23:24,817 INFO 32033 [egg-security] compose 7 middlewares into one security middleware
2019-05-27 17:23:24,831 INFO 32033 [egg:core] dump config after load, 10ms
2019-05-27 17:23:24,839 INFO 32033 [egg-watcher:application] watcher start success
2019-05-27 17:23:24,844 INFO 32033 [egg:core] dump config after ready, 3ms
2019-05-27 17:23:25,719 INFO 32034 [egg:logger] init all loggers with options: {"dir":"/Users/yuejingge/Documents/开发日记/yuancheng/webpack-react/server/logs/server","encoding":"utf8","env":"local","level":"INFO","consoleLevel":"INFO","disableConsoleAfterReady":false,"outputJSON":false,"buffer":true,"appLogName":"server-web.log","coreLogName":"egg-web.log","agentLogName":"egg-agent.log","errorLogName":"common-error.log","coreLogger":{"consoleLevel":"WARN"},"allowDebugAtProd":false,"type":"application"}
2019-05-27 17:23:25,747 INFO 32034 [egg-multipart] stream mode enable
2019-05-27 17:23:25,810 INFO 32034 [egg-static] starting static serve /public/ -> /Users/yuejingge/Documents/开发日记/yuancheng/webpack-react/server/app/public
2019-05-27 17:23:25,813 INFO 32034 [egg-security] use csrf middleware
2019-05-27 17:23:25,814 INFO 32034 [egg-security] use methodnoallow middleware
2019-05-27 17:23:25,814 INFO 32034 [egg-security] use noopen middleware
2019-05-27 17:23:25,815 INFO 32034 [egg-security] use nosniff middleware
2019-05-27 17:23:25,815 INFO 32034 [egg-security] use xssProtection middleware
2019-05-27 17:23:25,816 INFO 32034 [egg-security] use xframe middleware
2019-05-27 17:23:25,816 INFO 32034 [egg-security] use dta middleware
2019-05-27 17:23:25,816 INFO 32034 [egg-security] compose 7 middlewares into one security middleware
2019-05-27 17:23:25,825 INFO 32034 [egg:core] dump config after load, 5ms
2019-05-27 17:23:25,836 INFO 32034 [egg-watcher:application] watcher start success
2019-05-27 17:23:25,842 INFO 32034 [egg:core] dump config after ready, 4ms
2019-05-27 17:24:07,370 INFO 32034 [egg-view-nunjucks] loading templates from ["/Users/yuejingge/Documents/开发日记/yuancheng/webpack-react/server/app/view"]
2019-05-27 17:24:41,894 INFO 32077 [egg:logger] init all loggers with options: {"dir":"/Users/yuejingge/Documents/开发日记/yuancheng/webpack-react/server/logs/server","encoding":"utf8","env":"local","level":"INFO","consoleLevel":"INFO","disableConsoleAfterReady":false,"outputJSON":false,"buffer":true,"appLogName":"server-web.log","coreLogName":"egg-web.log","agentLogName":"egg-agent.log","errorLogName":"common-error.log","coreLogger":{"consoleLevel":"WARN"},"allowDebugAtProd":false,"type":"application"}
2019-05-27 17:24:41,914 INFO 32077 [egg-multipart] stream mode enable
2019-05-27 17:24:41,947 INFO 32077 [egg-static] starting static serve /public/ -> /Users/yuejingge/Documents/开发日记/yuancheng/webpack-react/server/app/public
2019-05-27 17:24:41,949 INFO 32077 [egg-security] use csrf middleware
2019-05-27 17:24:41,950 INFO 32077 [egg-security] use methodnoallow middleware
2019-05-27 17:24:41,950 INFO 32077 [egg-security] use noopen middleware
2019-05-27 17:24:41,950 INFO 32077 [egg-security] use nosniff middleware
2019-05-27 17:24:41,951 INFO 32077 [egg-security] use xssProtection middleware
2019-05-27 17:24:41,951 INFO 32077 [egg-security] use xframe middleware
2019-05-27 17:24:41,951 INFO 32077 [egg-security] use dta middleware
2019-05-27 17:24:41,951 INFO 32077 [egg-security] compose 7 middlewares into one security middleware
2019-05-27 17:24:41,959 INFO 32077 [egg:core] dump config after load, 4ms
2019-05-27 17:24:41,967 INFO 32077 [egg-watcher:application] watcher start success
2019-05-27 17:24:41,973 INFO 32077 [egg:core] dump config after ready, 4ms
2019-05-27 17:24:43,119 INFO 32078 [egg:logger] init all loggers with options: {"dir":"/Users/yuejingge/Documents/开发日记/yuancheng/webpack-react/server/logs/server","encoding":"utf8","env":"local","level":"INFO","consoleLevel":"INFO","disableConsoleAfterReady":false,"outputJSON":false,"buffer":true,"appLogName":"server-web.log","coreLogName":"egg-web.log","agentLogName":"egg-agent.log","errorLogName":"common-error.log","coreLogger":{"consoleLevel":"WARN"},"allowDebugAtProd":false,"type":"application"}
2019-05-27 17:24:43,143 INFO 32078 [egg-multipart] stream mode enable
2019-05-27 17:24:43,188 INFO 32078 [egg-static] starting static serve /public/ -> /Users/yuejingge/Documents/开发日记/yuancheng/webpack-react/server/app/public
2019-05-27 17:24:43,191 INFO 32078 [egg-security] use csrf middleware
2019-05-27 17:24:43,191 INFO 32078 [egg-security] use methodnoallow middleware
2019-05-27 17:24:43,192 INFO 32078 [egg-security] use noopen middleware
2019-05-27 17:24:43,192 INFO 32078 [egg-security] use nosniff middleware
2019-05-27 17:24:43,192 INFO 32078 [egg-security] use xssProtection middleware
2019-05-27 17:24:43,193 INFO 32078 [egg-security] use xframe middleware
2019-05-27 17:24:43,193 INFO 32078 [egg-security] use dta middleware
2019-05-27 17:24:43,193 INFO 32078 [egg-security] compose 7 middlewares into one security middleware
2019-05-27 17:24:43,203 INFO 32078 [egg:core] dump config after load, 5ms
2019-05-27 17:24:43,214 INFO 32078 [egg-watcher:application] watcher start success
2019-05-27 17:24:43,220 INFO 32078 [egg:core] dump config after ready, 4ms
2019-05-27 17:24:45,674 INFO 32078 [egg-view-nunjucks] loading templates from ["/Users/yuejingge/Documents/开发日记/yuancheng/webpack-react/server/app/view"]
2019-05-27 17:25:20,075 INFO 32111 [egg:logger] init all loggers with options: {"dir":"/Users/yuejingge/Documents/开发日记/yuancheng/webpack-react/server/logs/server","encoding":"utf8","env":"local","level":"INFO","consoleLevel":"INFO","disableConsoleAfterReady":false,"outputJSON":false,"buffer":true,"appLogName":"server-web.log","coreLogName":"egg-web.log","agentLogName":"egg-agent.log","errorLogName":"common-error.log","coreLogger":{"consoleLevel":"WARN"},"allowDebugAtProd":false,"type":"application"}
2019-05-27 17:25:20,096 INFO 32111 [egg-multipart] stream mode enable
2019-05-27 17:25:20,130 INFO 32111 [egg-static] starting static serve /public/ -> /Users/yuejingge/Documents/开发日记/yuancheng/webpack-react/server/app/public
2019-05-27 17:25:20,132 INFO 32111 [egg-security] use csrf middleware
2019-05-27 17:25:20,133 INFO 32111 [egg-security] use methodnoallow middleware
2019-05-27 17:25:20,133 INFO 32111 [egg-security] use noopen middleware
2019-05-27 17:25:20,134 INFO 32111 [egg-security] use nosniff middleware
2019-05-27 17:25:20,134 INFO 32111 [egg-security] use xssProtection middleware
2019-05-27 17:25:20,134 INFO 32111 [egg-security] use xframe middleware
2019-05-27 17:25:20,135 INFO 32111 [egg-security] use dta middleware
2019-05-27 17:25:20,135 INFO 32111 [egg-security] compose 7 middlewares into one security middleware
2019-05-27 17:25:20,151 INFO 32111 [egg:core] dump config after load, 13ms
2019-05-27 17:25:20,161 INFO 32111 [egg-watcher:application] watcher start success
2019-05-27 17:25:20,166 INFO 32111 [egg:core] dump config after ready, 4ms
2019-05-27 17:25:20,833 INFO 32112 [egg:logger] init all loggers with options: {"dir":"/Users/yuejingge/Documents/开发日记/yuancheng/webpack-react/server/logs/server","encoding":"utf8","env":"local","level":"INFO","consoleLevel":"INFO","disableConsoleAfterReady":false,"outputJSON":false,"buffer":true,"appLogName":"server-web.log","coreLogName":"egg-web.log","agentLogName":"egg-agent.log","errorLogName":"common-error.log","coreLogger":{"consoleLevel":"WARN"},"allowDebugAtProd":false,"type":"application"}
2019-05-27 17:25:20,855 INFO 32112 [egg-multipart] stream mode enable
2019-05-27 17:25:20,891 INFO 32112 [egg-static] starting static serve /public/ -> /Users/yuejingge/Documents/开发日记/yuancheng/webpack-react/server/app/public
2019-05-27 17:25:20,894 INFO 32112 [egg-security] use csrf middleware
2019-05-27 17:25:20,894 INFO 32112 [egg-security] use methodnoallow middleware
2019-05-27 17:25:20,895 INFO 32112 [egg-security] use noopen middleware
2019-05-27 17:25:20,895 INFO 32112 [egg-security] use nosniff middleware
2019-05-27 17:25:20,896 INFO 32112 [egg-security] use xssProtection middleware
2019-05-27 17:25:20,896 INFO 32112 [egg-security] use xframe middleware
2019-05-27 17:25:20,896 INFO 32112 [egg-security] use dta middleware
2019-05-27 17:25:20,896 INFO 32112 [egg-security] compose 7 middlewares into one security middleware
2019-05-27 17:25:20,907 INFO 32112 [egg:core] dump config after load, 6ms
2019-05-27 17:25:20,919 INFO 32112 [egg-watcher:application] watcher start success
2019-05-27 17:25:20,925 INFO 32112 [egg:core] dump config after ready, 4ms
2019-05-27 17:25:22,779 INFO 32112 [egg-view-nunjucks] loading templates from ["/Users/yuejingge/Documents/开发日记/yuancheng/webpack-react/server/app/view"]
2019-05-27 17:25:58,128 INFO 32146 [egg:logger] init all loggers with options: {"dir":"/Users/yuejingge/Documents/开发日记/yuancheng/webpack-react/server/logs/server","encoding":"utf8","env":"local","level":"INFO","consoleLevel":"INFO","disableConsoleAfterReady":false,"outputJSON":false,"buffer":true,"appLogName":"server-web.log","coreLogName":"egg-web.log","agentLogName":"egg-agent.log","errorLogName":"common-error.log","coreLogger":{"consoleLevel":"WARN"},"allowDebugAtProd":false,"type":"application"}
2019-05-27 17:25:58,151 INFO 32146 [egg-multipart] stream mode enable
2019-05-27 17:25:58,192 INFO 32146 [egg-static] starting static serve /public/ -> /Users/yuejingge/Documents/开发日记/yuancheng/webpack-react/server/app/public
2019-05-27 17:25:58,194 INFO 32146 [egg-security] use csrf middleware
2019-05-27 17:25:58,195 INFO 32146 [egg-security] use methodnoallow middleware
2019-05-27 17:25:58,195 INFO 32146 [egg-security] use noopen middleware
2019-05-27 17:25:58,195 INFO 32146 [egg-security] use nosniff middleware
2019-05-27 17:25:58,196 INFO 32146 [egg-security] use xssProtection middleware
2019-05-27 17:25:58,196 INFO 32146 [egg-security] use xframe middleware
2019-05-27 17:25:58,196 INFO 32146 [egg-security] use dta middleware
2019-05-27 17:25:58,196 INFO 32146 [egg-security] compose 7 middlewares into one security middleware
2019-05-27 17:25:58,207 INFO 32146 [egg:core] dump config after load, 5ms
2019-05-27 17:25:58,215 INFO 32146 [egg-watcher:application] watcher start success
2019-05-27 17:25:58,220 INFO 32146 [egg:core] dump config after ready, 3ms
2019-05-27 17:26:22,044 INFO 32163 [egg:logger] init all loggers with options: {"dir":"/Users/yuejingge/Documents/开发日记/yuancheng/webpack-react/server/logs/server","encoding":"utf8","env":"local","level":"INFO","consoleLevel":"INFO","disableConsoleAfterReady":false,"outputJSON":false,"buffer":true,"appLogName":"server-web.log","coreLogName":"egg-web.log","agentLogName":"egg-agent.log","errorLogName":"common-error.log","coreLogger":{"consoleLevel":"WARN"},"allowDebugAtProd":false,"type":"application"}
2019-05-27 17:26:22,072 INFO 32163 [egg-multipart] stream mode enable
2019-05-27 17:26:22,150 INFO 32163 [egg-static] starting static serve /public/ -> /Users/yuejingge/Documents/开发日记/yuancheng/webpack-react/server/app/public
2019-05-27 17:26:22,152 INFO 32163 [egg-security] use csrf middleware
2019-05-27 17:26:22,153 INFO 32163 [egg-security] use methodnoallow middleware
2019-05-27 17:26:22,154 INFO 32163 [egg-security] use noopen middleware
2019-05-27 17:26:22,155 INFO 32163 [egg-security] use nosniff middleware
2019-05-27 17:26:22,156 INFO 32163 [egg-security] use xssProtection middleware
2019-05-27 17:26:22,157 INFO 32163 [egg-security] use xframe middleware
2019-05-27 17:26:22,158 INFO 32163 [egg-security] use dta middleware
2019-05-27 17:26:22,158 INFO 32163 [egg-security] compose 7 middlewares into one security middleware
2019-05-27 17:26:22,168 INFO 32163 [egg:core] dump config after load, 4ms
2019-05-27 17:26:22,176 INFO 32163 [egg-watcher:application] watcher start success
2019-05-27 17:26:22,182 INFO 32163 [egg:core] dump config after ready, 3ms
2019-05-27 17:27:00,695 INFO 32181 [egg:logger] init all loggers with options: {"dir":"/Users/yuejingge/Documents/开发日记/yuancheng/webpack-react/server/logs/server","encoding":"utf8","env":"local","level":"INFO","consoleLevel":"INFO","disableConsoleAfterReady":false,"outputJSON":false,"buffer":true,"appLogName":"server-web.log","coreLogName":"egg-web.log","agentLogName":"egg-agent.log","errorLogName":"common-error.log","coreLogger":{"consoleLevel":"WARN"},"allowDebugAtProd":false,"type":"application"}
2019-05-27 17:27:00,727 INFO 32181 [egg-multipart] stream mode enable
2019-05-27 17:27:00,797 INFO 32181 [egg-static] starting static serve /public/ -> /Users/yuejingge/Documents/开发日记/yuancheng/webpack-react/server/app/public
2019-05-27 17:27:00,800 INFO 32181 [egg-security] use csrf middleware
2019-05-27 17:27:00,801 INFO 32181 [egg-security] use methodnoallow middleware
2019-05-27 17:27:00,802 INFO 32181 [egg-security] use noopen middleware
2019-05-27 17:27:00,803 INFO 32181 [egg-security] use nosniff middleware
2019-05-27 17:27:00,804 INFO 32181 [egg-security] use xssProtection middleware
2019-05-27 17:27:00,805 INFO 32181 [egg-security] use xframe middleware
2019-05-27 17:27:00,805 INFO 32181 [egg-security] use dta middleware
2019-05-27 17:27:00,806 INFO 32181 [egg-security] compose 7 middlewares into one security middleware
2019-05-27 17:27:00,817 INFO 32181 [egg:core] dump config after load, 5ms
2019-05-27 17:27:00,843 INFO 32181 [egg-watcher:application] watcher start success
2019-05-27 17:27:00,849 INFO 32181 [egg:core] dump config after ready, 4ms
2019-05-27 17:30:42,182 INFO 32181 [egg-view-nunjucks] loading templates from ["/Users/yuejingge/Documents/开发日记/yuancheng/webpack-react/server/app/view"]
2019-05-27 17:31:20,421 INFO 32499 [egg:logger] init all loggers with options: {"dir":"/Users/yuejingge/Documents/开发日记/yuancheng/webpack-react/server/logs/server","encoding":"utf8","env":"local","level":"INFO","consoleLevel":"INFO","disableConsoleAfterReady":false,"outputJSON":false,"buffer":true,"appLogName":"server-web.log","coreLogName":"egg-web.log","agentLogName":"egg-agent.log","errorLogName":"common-error.log","coreLogger":{"consoleLevel":"WARN"},"allowDebugAtProd":false,"type":"application"}
2019-05-27 17:31:20,448 INFO 32499 [egg-multipart] stream mode enable
2019-05-27 17:31:20,515 INFO 32499 [egg-static] starting static serve /public/ -> /Users/yuejingge/Documents/开发日记/yuancheng/webpack-react/server/app/public
2019-05-27 17:31:20,518 INFO 32499 [egg-security] use csrf middleware
2019-05-27 17:31:20,519 INFO 32499 [egg-security] use methodnoallow middleware
2019-05-27 17:31:20,520 INFO 32499 [egg-security] use noopen middleware
2019-05-27 17:31:20,521 INFO 32499 [egg-security] use nosniff middleware
2019-05-27 17:31:20,521 INFO 32499 [egg-security] use xssProtection middleware
2019-05-27 17:31:20,522 INFO 32499 [egg-security] use xframe middleware
2019-05-27 17:31:20,523 INFO 32499 [egg-security] use dta middleware
2019-05-27 17:31:20,523 INFO 32499 [egg-security] compose 7 middlewares into one security middleware
2019-05-27 17:31:20,534 INFO 32499 [egg:core] dump config after load, 4ms
2019-05-27 17:31:20,561 INFO 32499 [egg-watcher:application] watcher start success
2019-05-27 17:31:20,567 INFO 32499 [egg:core] dump config after ready, 4ms
2019-05-27 17:33:53,277 INFO 32708 [egg:logger] init all loggers with options: {"dir":"/Users/yuejingge/Documents/开发日记/yuancheng/learn-egg/server/logs/server","encoding":"utf8","env":"local","level":"INFO","consoleLevel":"INFO","disableConsoleAfterReady":false,"outputJSON":false,"buffer":true,"appLogName":"server-web.log","coreLogName":"egg-web.log","agentLogName":"egg-agent.log","errorLogName":"common-error.log","coreLogger":{"consoleLevel":"WARN"},"allowDebugAtProd":false,"type":"application"}
2019-05-27 17:33:53,298 INFO 32708 [egg-multipart] stream mode enable
2019-05-27 17:33:53,380 INFO 32708 [egg-static] starting static serve /public/ -> /Users/yuejingge/Documents/开发日记/yuancheng/learn-egg/server/app/public
2019-05-27 17:33:53,382 INFO 32708 [egg-security] use csrf middleware
2019-05-27 17:33:53,384 INFO 32708 [egg-security] use methodnoallow middleware
2019-05-27 17:33:53,385 INFO 32708 [egg-security] use noopen middleware
2019-05-27 17:33:53,386 INFO 32708 [egg-security] use nosniff middleware
2019-05-27 17:33:53,387 INFO 32708 [egg-security] use xssProtection middleware
2019-05-27 17:33:53,387 INFO 32708 [egg-security] use xframe middleware
2019-05-27 17:33:53,388 INFO 32708 [egg-security] use dta middleware
2019-05-27 17:33:53,388 INFO 32708 [egg-security] compose 7 middlewares into one security middleware
2019-05-27 17:33:53,398 INFO 32708 [egg:core] dump config after load, 5ms
2019-05-27 17:33:53,409 INFO 32708 [egg-watcher:application] watcher start success
2019-05-27 17:33:53,414 INFO 32708 [egg:core] dump config after ready, 3ms
2019-05-27 17:42:37,582 INFO 33150 [egg:logger] init all loggers with options: {"dir":"/Users/yuejingge/Documents/开发日记/yuancheng/learn-egg/logs/server","encoding":"utf8","env":"local","level":"INFO","consoleLevel":"INFO","disableConsoleAfterReady":false,"outputJSON":false,"buffer":true,"appLogName":"server-web.log","coreLogName":"egg-web.log","agentLogName":"egg-agent.log","errorLogName":"common-error.log","coreLogger":{"consoleLevel":"WARN"},"allowDebugAtProd":false,"type":"application"}
2019-05-27 17:42:37,606 INFO 33150 [egg-multipart] stream mode enable
2019-05-27 17:42:37,690 INFO 33150 [egg-static] starting static serve /public/ -> /Users/yuejingge/Documents/开发日记/yuancheng/learn-egg/app/public
2019-05-27 17:42:37,693 INFO 33150 [egg-security] use csrf middleware
2019-05-27 17:42:37,694 INFO 33150 [egg-security] use methodnoallow middleware
2019-05-27 17:42:37,694 INFO 33150 [egg-security] use noopen middleware
2019-05-27 17:42:37,695 INFO 33150 [egg-security] use nosniff middleware
2019-05-27 17:42:37,696 INFO 33150 [egg-security] use xssProtection middleware
2019-05-27 17:42:37,697 INFO 33150 [egg-security] use xframe middleware
2019-05-27 17:42:37,698 INFO 33150 [egg-security] use dta middleware
2019-05-27 17:42:37,698 INFO 33150 [egg-security] compose 7 middlewares into one security middleware
2019-05-27 17:42:37,708 INFO 33150 [egg:core] dump config after load, 5ms
2019-05-27 17:42:37,719 INFO 33150 [egg-watcher:application] watcher start success
2019-05-27 17:42:37,723 INFO 33150 [egg:core] dump config after ready, 3ms
2019-05-27 17:42:52,614 INFO 33150 [egg-view-nunjucks] loading templates from ["/Users/yuejingge/Documents/开发日记/yuancheng/learn-egg/app/view"]
2019-05-27 17:46:24,486 INFO 33255 [egg:logger] init all loggers with options: {"dir":"/Users/yuejingge/Documents/开发日记/yuancheng/learn-egg/logs/server","encoding":"utf8","env":"local","level":"INFO","consoleLevel":"INFO","disableConsoleAfterReady":false,"outputJSON":false,"buffer":true,"appLogName":"server-web.log","coreLogName":"egg-web.log","agentLogName":"egg-agent.log","errorLogName":"common-error.log","coreLogger":{"consoleLevel":"WARN"},"allowDebugAtProd":false,"type":"application"}
2019-05-27 17:46:24,508 INFO 33255 [egg-multipart] stream mode enable
2019-05-27 17:46:24,546 INFO 33255 [egg-static] starting static serve /public/ -> /Users/yuejingge/Documents/开发日记/yuancheng/learn-egg/app/public
2019-05-27 17:46:24,554 INFO 33255 [egg-security] use csrf middleware
2019-05-27 17:46:24,558 INFO 33255 [egg-security] use methodnoallow middleware
2019-05-27 17:46:24,558 INFO 33255 [egg-security] use noopen middleware
2019-05-27 17:46:24,559 INFO 33255 [egg-security] use nosniff middleware
2019-05-27 17:46:24,560 INFO 33255 [egg-security] use xssProtection middleware
2019-05-27 17:46:24,560 INFO 33255 [egg-security] use xframe middleware
2019-05-27 17:46:24,561 INFO 33255 [egg-security] use dta middleware
2019-05-27 17:46:24,561 INFO 33255 [egg-security] compose 7 middlewares into one security middleware
2019-05-27 17:46:24,571 INFO 33255 [egg:core] dump config after load, 5ms
2019-05-27 17:46:24,580 INFO 33255 [egg-watcher:application] watcher start success
2019-05-27 17:46:24,585 INFO 33255 [egg:core] dump config after ready, 3ms
2019-05-27 17:46:25,959 INFO 33258 [egg:logger] init all loggers with options: {"dir":"/Users/yuejingge/Documents/开发日记/yuancheng/learn-egg/logs/server","encoding":"utf8","env":"local","level":"INFO","consoleLevel":"INFO","disableConsoleAfterReady":false,"outputJSON":false,"buffer":true,"appLogName":"server-web.log","coreLogName":"egg-web.log","agentLogName":"egg-agent.log","errorLogName":"common-error.log","coreLogger":{"consoleLevel":"WARN"},"allowDebugAtProd":false,"type":"application"}
2019-05-27 17:46:25,984 INFO 33258 [egg-multipart] stream mode enable
2019-05-27 17:46:26,027 INFO 33258 [egg-static] starting static serve /public/ -> /Users/yuejingge/Documents/开发日记/yuancheng/learn-egg/app/public
2019-05-27 17:46:26,029 INFO 33258 [egg-security] use csrf middleware
2019-05-27 17:46:26,030 INFO 33258 [egg-security] use methodnoallow middleware
2019-05-27 17:46:26,030 INFO 33258 [egg-security] use noopen middleware
2019-05-27 17:46:26,031 INFO 33258 [egg-security] use nosniff middleware
2019-05-27 17:46:26,031 INFO 33258 [egg-security] use xssProtection middleware
2019-05-27 17:46:26,031 INFO 33258 [egg-security] use xframe middleware
2019-05-27 17:46:26,032 INFO 33258 [egg-security] use dta middleware
2019-05-27 17:46:26,032 INFO 33258 [egg-security] compose 7 middlewares into one security middleware
2019-05-27 17:46:26,040 INFO 33258 [egg:core] dump config after load, 4ms
2019-05-27 17:46:26,050 INFO 33258 [egg-watcher:application] watcher start success
2019-05-27 17:46:26,056 INFO 33258 [egg:core] dump config after ready, 4ms
2019-05-27 17:46:38,593 INFO 33258 [egg-view-nunjucks] loading templates from ["/Users/yuejingge/Documents/开发日记/yuancheng/learn-egg/app/view"]
2019-05-27 17:47:55,011 INFO 33438 [egg:logger] init all loggers with options: {"dir":"/Users/yuejingge/Documents/开发日记/yuancheng/learn-egg/logs/server","encoding":"utf8","env":"local","level":"INFO","consoleLevel":"INFO","disableConsoleAfterReady":false,"outputJSON":false,"buffer":true,"appLogName":"server-web.log","coreLogName":"egg-web.log","agentLogName":"egg-agent.log","errorLogName":"common-error.log","coreLogger":{"consoleLevel":"WARN"},"allowDebugAtProd":false,"type":"application"}
2019-05-27 17:47:55,035 INFO 33438 [egg-multipart] stream mode enable
2019-05-27 17:47:55,116 INFO 33438 [egg-static] starting static serve /public/ -> /Users/yuejingge/Documents/开发日记/yuancheng/learn-egg/app/public
2019-05-27 17:47:55,118 INFO 33438 [egg-security] use csrf middleware
2019-05-27 17:47:55,118 INFO 33438 [egg-security] use methodnoallow middleware
2019-05-27 17:47:55,119 INFO 33438 [egg-security] use noopen middleware
2019-05-27 17:47:55,119 INFO 33438 [egg-security] use nosniff middleware
2019-05-27 17:47:55,119 INFO 33438 [egg-security] use xssProtection middleware
2019-05-27 17:47:55,120 INFO 33438 [egg-security] use xframe middleware
2019-05-27 17:47:55,120 INFO 33438 [egg-security] use dta middleware
2019-05-27 17:47:55,120 INFO 33438 [egg-security] compose 7 middlewares into one security middleware
2019-05-27 17:47:55,130 INFO 33438 [egg:core] dump config after load, 4ms
2019-05-27 17:47:55,141 INFO 33438 [egg-watcher:application] watcher start success
2019-05-27 17:47:55,146 INFO 33438 [egg:core] dump config after ready, 3ms
2019-05-27 17:48:09,423 INFO 33438 [egg-view-nunjucks] loading templates from ["/Users/yuejingge/Documents/开发日记/yuancheng/learn-egg/app/view"]
