2019-05-27 16:56:43,195 ERROR 30935 [-/::1/-/12ms GET /news] nodejs.AssertionError [ERR_ASSERTION]: Can't find viewEngine for /Users/yuejingge/Documents/开发日记/yuancheng/webpack-react/server/app/view/news/list.tpl
    at ContextView.[contextView#render] (/Users/yuejingge/Documents/开发日记/yuancheng/webpack-react/server/node_modules/egg-view/lib/context_view.js:66:5)
    at <anonymous>
generatedMessage: false
name: "AssertionError [ERR_ASSERTION]"
code: "ERR_ASSERTION"
actual: ""
expected: true
operator: "=="
pid: 30935
hostname: yuejinggedeMacBook-Pro.local

2019-05-27 17:03:16,039 ERROR 30935 [-/::1/-/2ms GET /news] nodejs.AssertionError [ERR_ASSERTION]: Can't find viewEngine for /Users/yuejingge/Documents/开发日记/yuancheng/webpack-react/server/app/view/news/list.tpl
    at ContextView.[contextView#render] (/Users/yuejingge/Documents/开发日记/yuancheng/webpack-react/server/node_modules/egg-view/lib/context_view.js:66:5)
    at <anonymous>
generatedMessage: false
name: "AssertionError [ERR_ASSERTION]"
code: "ERR_ASSERTION"
actual: ""
expected: true
operator: "=="
pid: 30935
hostname: yuejinggedeMacBook-Pro.local

2019-05-27 17:03:32,727 ERROR 30935 [-/::1/-/0ms GET /news] nodejs.AssertionError [ERR_ASSERTION]: Can't find viewEngine for /Users/yuejingge/Documents/开发日记/yuancheng/webpack-react/server/app/view/news/list.tpl
    at ContextView.[contextView#render] (/Users/yuejingge/Documents/开发日记/yuancheng/webpack-react/server/node_modules/egg-view/lib/context_view.js:66:5)
    at <anonymous>
generatedMessage: false
name: "AssertionError [ERR_ASSERTION]"
code: "ERR_ASSERTION"
actual: ""
expected: true
operator: "=="
pid: 30935
hostname: yuejinggedeMacBook-Pro.local

2019-05-27 17:14:51,132 ERROR 31696 [-/::1/-/10ms GET /news] nodejs.AssertionError [ERR_ASSERTION]: Can't find viewEngine for /Users/yuejingge/Documents/开发日记/yuancheng/webpack-react/server/app/view/news/list.tpl
    at ContextView.[contextView#render] (/Users/yuejingge/Documents/开发日记/yuancheng/webpack-react/server/node_modules/egg-view/lib/context_view.js:66:5)
    at <anonymous>
generatedMessage: false
name: "AssertionError [ERR_ASSERTION]"
code: "ERR_ASSERTION"
actual: ""
expected: true
operator: "=="
pid: 31696
hostname: yuejinggedeMacBook-Pro.local

2019-05-27 17:15:35,919 ERROR 31726 [-/::1/-/9ms GET /news] nodejs.AssertionError [ERR_ASSERTION]: Can't find viewEngine for /Users/yuejingge/Documents/开发日记/yuancheng/webpack-react/server/app/view/news/list.tpl
    at ContextView.[contextView#render] (/Users/yuejingge/Documents/开发日记/yuancheng/webpack-react/server/node_modules/egg-view/lib/context_view.js:66:5)
    at <anonymous>
generatedMessage: false
name: "AssertionError [ERR_ASSERTION]"
code: "ERR_ASSERTION"
actual: ""
expected: true
operator: "=="
pid: 31726
hostname: yuejinggedeMacBook-Pro.local

2019-05-27 17:15:36,872 ERROR 31726 [-/::1/-/1ms GET /news] nodejs.AssertionError [ERR_ASSERTION]: Can't find viewEngine for /Users/yuejingge/Documents/开发日记/yuancheng/webpack-react/server/app/view/news/list.tpl
    at ContextView.[contextView#render] (/Users/yuejingge/Documents/开发日记/yuancheng/webpack-react/server/node_modules/egg-view/lib/context_view.js:66:5)
    at <anonymous>
generatedMessage: false
name: "AssertionError [ERR_ASSERTION]"
code: "ERR_ASSERTION"
actual: ""
expected: true
operator: "=="
pid: 31726
hostname: yuejinggedeMacBook-Pro.local

2019-05-27 17:15:37,232 ERROR 31726 [-/::1/-/0ms GET /news] nodejs.AssertionError [ERR_ASSERTION]: Can't find viewEngine for /Users/yuejingge/Documents/开发日记/yuancheng/webpack-react/server/app/view/news/list.tpl
    at ContextView.[contextView#render] (/Users/yuejingge/Documents/开发日记/yuancheng/webpack-react/server/node_modules/egg-view/lib/context_view.js:66:5)
    at <anonymous>
generatedMessage: false
name: "AssertionError [ERR_ASSERTION]"
code: "ERR_ASSERTION"
actual: ""
expected: true
operator: "=="
pid: 31726
hostname: yuejinggedeMacBook-Pro.local

2019-05-27 17:15:37,427 ERROR 31726 [-/::1/-/0ms GET /news] nodejs.AssertionError [ERR_ASSERTION]: Can't find viewEngine for /Users/yuejingge/Documents/开发日记/yuancheng/webpack-react/server/app/view/news/list.tpl
    at ContextView.[contextView#render] (/Users/yuejingge/Documents/开发日记/yuancheng/webpack-react/server/node_modules/egg-view/lib/context_view.js:66:5)
    at <anonymous>
generatedMessage: false
name: "AssertionError [ERR_ASSERTION]"
code: "ERR_ASSERTION"
actual: ""
expected: true
operator: "=="
pid: 31726
hostname: yuejinggedeMacBook-Pro.local

2019-05-27 17:15:37,606 ERROR 31726 [-/::1/-/1ms GET /news] nodejs.AssertionError [ERR_ASSERTION]: Can't find viewEngine for /Users/yuejingge/Documents/开发日记/yuancheng/webpack-react/server/app/view/news/list.tpl
    at ContextView.[contextView#render] (/Users/yuejingge/Documents/开发日记/yuancheng/webpack-react/server/node_modules/egg-view/lib/context_view.js:66:5)
    at <anonymous>
generatedMessage: false
name: "AssertionError [ERR_ASSERTION]"
code: "ERR_ASSERTION"
actual: ""
expected: true
operator: "=="
pid: 31726
hostname: yuejinggedeMacBook-Pro.local

